<?xml version="1.0" encoding="UTF-8"?>
<!-- Generated by org.testng.reporters.JUnitXMLReporter -->
<testsuite ignored="0" hostname="INGUR1N1201" failures="0" tests="4" name="Default test" time="68.415" errors="0" timestamp="2022-07-15T15:03:19 IST">
  <testcase classname="com.TestCases.TestCase_Parameterization_Excel" name="TestCase_PassCredentails_UsingDataProvider" time="51.911"/>
  <testcase classname="com.TestCases.TestCase_Parameterization_Excel" name="TestCase_PassCredentails_UsingDataProvider" time="0.092"/>
  <testcase classname="com.TestCases.TestCase_Parameterization_Excel" name="TestCase_PassCredentails_UsingDataProvider" time="0.075"/>
  <testcase classname="com.TestCases.TestCase_Parameterization_Excel" name="TestCase_PassCredentails_UsingDataProvider" time="0.077"/>
</testsuite> <!-- Default test -->
