<?xml version="1.0" encoding="UTF-8"?>
<!-- Generated by org.testng.reporters.JUnitXMLReporter -->
<testsuite ignored="0" hostname="IXC1-LTC23F2X2" failures="2" tests="2" name="Test" time="52.961" errors="0" timestamp="2021-07-13T13:55:11 IST">
  <testcase classname="LoginSuite.AudioCaptcha" name="browserIntialization" time="52.91">
    <failure type="java.lang.NoClassDefFoundError" message="org/apache/commons/exec/DaemonExecutor">
      <![CDATA[java.lang.NoClassDefFoundError: org/apache/commons/exec/DaemonExecutor
at org.openqa.selenium.os.OsProcess.<init>(OsProcess.java:54)
at org.openqa.selenium.os.CommandLine.<init>(CommandLine.java:36)
at org.openqa.selenium.remote.service.DriverService.start(DriverService.java:187)
at org.openqa.selenium.remote.service.DriverCommandExecutor.execute(DriverCommandExecutor.java:83)
at org.openqa.selenium.remote.RemoteWebDriver.execute(RemoteWebDriver.java:501)
at org.openqa.selenium.remote.RemoteWebDriver.startSession(RemoteWebDriver.java:207)
at org.openqa.selenium.remote.RemoteWebDriver.<init>(RemoteWebDriver.java:127)
at org.openqa.selenium.opera.OperaDriver.<init>(OperaDriver.java:173)
at org.openqa.selenium.opera.OperaDriver.<init>(OperaDriver.java:160)
at org.openqa.selenium.opera.OperaDriver.<init>(OperaDriver.java:115)
at Utility.BrowserSetup.StartApplication(BrowserSetup.java:38)
at LoginSuite.AudioCaptcha.browserIntialization(AudioCaptcha.java:23)
at java.base/java.util.ArrayList.forEach(ArrayList.java:1511)
Caused by: java.lang.ClassNotFoundException: org.apache.commons.exec.DaemonExecutor
at java.base/jdk.internal.loader.BuiltinClassLoader.loadClass(BuiltinClassLoader.java:602)
at java.base/jdk.internal.loader.ClassLoaders$AppClassLoader.loadClass(ClassLoaders.java:178)
at java.base/java.lang.ClassLoader.loadClass(ClassLoader.java:522)
... 40 more
... Removed 27 stack frames]]>
    </failure>
  </testcase> <!-- browserIntialization -->
  <testcase classname="LoginSuite.AudioCaptcha" name="registerNewUser" time="0.001">
    <failure type="java.lang.NullPointerException" message="Cannot invoke &amp;quot;org.openqa.selenium.WebDriver.get(String)&amp;quot; because &amp;quot;this.driver&amp;quot; is null">
      <![CDATA[java.lang.NullPointerException: Cannot invoke "org.openqa.selenium.WebDriver.get(String)" because "this.driver" is null
at LoginSuite.AudioCaptcha.registerNewUser(AudioCaptcha.java:32)
at java.base/java.util.ArrayList.forEach(ArrayList.java:1511)
... Removed 27 stack frames]]>
    </failure>
  </testcase> <!-- registerNewUser -->
</testsuite> <!-- Test -->
