<?xml version="1.0" encoding="UTF-8"?>
<testng-results ignored="0" total="2" passed="2" failed="0" skipped="0">
  <reporter-output>
  </reporter-output>
  <suite started-at="2021-07-13T14:24:02 IST" name="Default suite" finished-at="2021-07-13T14:24:06 IST" duration-ms="4734">
    <groups>
    </groups>
    <test started-at="2021-07-13T14:24:02 IST" name="Default test" finished-at="2021-07-13T14:24:06 IST" duration-ms="4734">
      <class name="LoginSuite.AudioCaptcha">
        <test-method signature="browserIntialization()[pri:1, instance:LoginSuite.AudioCaptcha@36bc55de]" started-at="2021-07-13T14:24:02 IST" name="browserIntialization" finished-at="2021-07-13T14:24:06 IST" duration-ms="4183" status="PASS">
          <reporter-output>
          </reporter-output>
        </test-method> <!-- browserIntialization -->
        <test-method signature="listenToAudio()[pri:2, instance:LoginSuite.AudioCaptcha@36bc55de]" started-at="2021-07-13T14:24:06 IST" name="listenToAudio" finished-at="2021-07-13T14:24:06 IST" duration-ms="513" status="PASS">
          <reporter-output>
          </reporter-output>
        </test-method> <!-- listenToAudio -->
      </class> <!-- LoginSuite.AudioCaptcha -->
    </test> <!-- Default test -->
  </suite> <!-- Default suite -->
</testng-results>
