<?xml version="1.0" encoding="UTF-8"?>
<!-- Generated by org.testng.reporters.JUnitReportReporter -->
<testsuite hostname="IXC1-LTC23F2X2" failures="0" tests="2" name="LoginSuite.AudioCaptcha" time="4.696" errors="0" timestamp="2021-07-13T14:24:06 IST" skipped="0">
  <testcase classname="LoginSuite.AudioCaptcha" name="browserIntialization" time="4.183"/>
  <system-out/>
  <testcase classname="LoginSuite.AudioCaptcha" name="listenToAudio" time="0.513"/>
  <system-out/>
</testsuite> <!-- LoginSuite.AudioCaptcha -->
